4.829245 10.699321
5.341245 10.699321
5.853245 10.699321
6.311108 9.170846
6.345259 9.221896
7.081259 9.272947
7.817259 9.323997
8.553259 9.375047
9.289259 9.426097
10.025259 9.477148
10.761259 11.056672
11.497259 11.056672
12.233259 11.056672
12.969259 11.056672
13.705259 11.056672
14.441259 11.056672
15.177259 11.056672
15.913259 11.056672
16.649259 11.056672
17.385259 11.056672
18.121259 11.056672
18.857259 11.056672
19.593259 11.056672
20.329259 11.056672
21.065259 11.056672
21.801259 11.056672
22.537259 11.056672
23.273259 11.056672
24.009259 11.056672
24.745259 11.056672
25.481259 11.056672
26.217259 11.056672
26.953259 11.056672
27.689259 11.056672
28.425259 11.056672
29.161259 11.056672
29.897259 11.056672
30.633259 11.056672
31.369259 11.056672
32.105259 11.056672
32.841259 11.056672
33.577259 11.056672
34.313259 11.056672
35.049259 11.056672
35.785259 11.056672
36.521259 11.056672
37.257259 11.056672
37.993259 11.056672
38.729259 11.056672
39.465259 11.056672
40.201259 11.056672
40.937259 11.056672
41.673259 11.056672
42.409259 11.056672
43.145259 11.056672
43.881259 11.056672
44.617259 11.056672
45.353259 11.056672
46.089259 11.056672
46.825259 11.056672
47.561259 11.056672
48.297259 11.056672
49.033259 11.056672
49.769259 11.056672
50.508648 9.917964
51.244648 8.779256
51.980648 7.640547
52.716648 6.501839
53.452648 5.363131
54.188648 4.224423
54.924648 3.085714
55.660648 3.085714
56.396648 3.085714
57.282088 3.453430
59.446691 3.821145
61.610088 3.941809
63.774371 4.309525
65.937936 4.542485
68.101288 4.910200
70.265891 5.277916
72.429288 5.030864
74.593571 5.030864
76.757136 5.143160
78.920488 5.143160
81.085091 5.277916
83.248488 5.030864
85.412771 5.030864
87.576336 5.143160
89.739688 5.143160
91.904291 5.277916
94.067688 5.030864
96.231971 5.030864
98.395536 5.143160
100.557080 6.011200
102.720920 7.013995
104.884760 7.882035
107.048600 8.750074
109.212440 9.865165
111.376280 10.733205
113.540120 11.736000
115.703960 11.736000
117.716779 11.638953
118.747179 11.541906
119.777579 11.444859
120.807979 11.347813
121.838379 11.250766
122.868779 11.153719
123.899179 11.056672
124.929579 11.056672
125.959979 11.056672
126.990379 11.056672
128.020779 10.391224
129.051179 10.391224
130.081579 10.391224
131.111979 10.391224
132.142379 10.391224
133.172779 10.391224
134.203179 10.391224
135.233579 11.056672
136.263979 11.056672
137.294379 11.056672
138.324779 11.056672
139.355179 11.056672
140.385579 11.056672
141.415979 11.056672
142.446379 11.056672
143.476779 11.056672
144.507179 11.056672
145.537579 11.056672
146.567979 11.056672
147.598379 11.056672
148.628779 11.056672
149.659179 11.056672
